2019-08-20 10:32:37.795 [restartedMain] INFO  com.javaboja.HogangNonoApplication - Starting HogangNonoApplication on DESKTOP-PFK81CQ with PID 58732 (C:\Users\carrey\git\javaboja\hogang_nono\bin\main started by carrey in C:\Users\carrey\git\javaboja\hogang_nono)
2019-08-20 10:32:37.809 [restartedMain] INFO  com.javaboja.HogangNonoApplication - No active profile set, falling back to default profiles: default
2019-08-20 10:32:37.913 [restartedMain] INFO  o.s.b.d.e.DevToolsPropertyDefaultsPostProcessor - Devtools property defaults active! Set 'spring.devtools.add-properties' to 'false' to disable
2019-08-20 10:32:37.914 [restartedMain] INFO  o.s.b.d.e.DevToolsPropertyDefaultsPostProcessor - For additional web related logging consider setting the 'logging.level.web' property to 'DEBUG'
2019-08-20 10:32:39.265 [restartedMain] INFO  o.s.d.r.c.RepositoryConfigurationDelegate - Bootstrapping Spring Data repositories in DEFAULT mode.
2019-08-20 10:32:39.301 [restartedMain] INFO  o.s.d.r.c.RepositoryConfigurationDelegate - Finished Spring Data repository scanning in 23ms. Found 0 repository interfaces.
2019-08-20 10:32:39.925 [restartedMain] INFO  o.s.c.s.PostProcessorRegistrationDelegate$BeanPostProcessorChecker - Bean 'org.springframework.transaction.annotation.ProxyTransactionManagementConfiguration' of type [org.springframework.transaction.annotation.ProxyTransactionManagementConfiguration$$EnhancerBySpringCGLIB$$8bd00af4] is not eligible for getting processed by all BeanPostProcessors (for example: not eligible for auto-proxying)
2019-08-20 10:32:40.517 [restartedMain] INFO  o.s.b.w.e.tomcat.TomcatWebServer - Tomcat initialized with port(s): 8080 (http)
2019-08-20 10:32:40.542 [restartedMain] INFO  o.a.coyote.http11.Http11NioProtocol - Initializing ProtocolHandler ["http-nio-8080"]
2019-08-20 10:32:40.557 [restartedMain] INFO  o.a.catalina.core.StandardService - Starting service [Tomcat]
2019-08-20 10:32:40.558 [restartedMain] INFO  o.a.catalina.core.StandardEngine - Starting Servlet engine: [Apache Tomcat/9.0.22]
2019-08-20 10:32:40.760 [restartedMain] INFO  o.a.c.c.C.[Tomcat].[localhost].[/] - Initializing Spring embedded WebApplicationContext
2019-08-20 10:32:40.760 [restartedMain] INFO  o.s.web.context.ContextLoader - Root WebApplicationContext: initialization completed in 2846 ms
2019-08-20 10:32:41.034 [restartedMain] INFO  com.zaxxer.hikari.HikariDataSource - HikariPool-1 - Starting...
2019-08-20 10:32:41.235 [restartedMain] INFO  com.zaxxer.hikari.HikariDataSource - HikariPool-1 - Start completed.
2019-08-20 10:32:41.353 [restartedMain] INFO  o.h.jpa.internal.util.LogHelper - HHH000204: Processing PersistenceUnitInfo [
	name: default
	...]
2019-08-20 10:32:41.654 [restartedMain] INFO  org.hibernate.Version - HHH000412: Hibernate Core {5.3.10.Final}
2019-08-20 10:32:41.657 [restartedMain] INFO  org.hibernate.cfg.Environment - HHH000206: hibernate.properties not found
2019-08-20 10:32:41.919 [restartedMain] INFO  o.h.annotations.common.Version - HCANN000001: Hibernate Commons Annotations {5.0.4.Final}
2019-08-20 10:32:42.185 [restartedMain] INFO  org.hibernate.dialect.Dialect - HHH000400: Using dialect: org.hibernate.dialect.H2Dialect
2019-08-20 10:32:42.560 [restartedMain] INFO  o.h.t.s.internal.SchemaCreatorImpl - HHH000476: Executing import script 'org.hibernate.tool.schema.internal.exec.ScriptSourceInputNonExistentImpl@41ef2651'
2019-08-20 10:32:42.566 [restartedMain] INFO  o.s.o.j.LocalContainerEntityManagerFactoryBean - Initialized JPA EntityManagerFactory for persistence unit 'default'
2019-08-20 10:32:42.638 [restartedMain] INFO  o.s.b.d.a.OptionalLiveReloadServer - LiveReload server is running on port 35729
2019-08-20 10:32:43.017 [restartedMain] INFO  o.s.s.c.ThreadPoolTaskExecutor - Initializing ExecutorService 'applicationTaskExecutor'
2019-08-20 10:32:43.100 [restartedMain] WARN  o.s.b.a.o.j.JpaBaseConfiguration$JpaWebConfiguration$JpaWebMvcConfiguration - spring.jpa.open-in-view is enabled by default. Therefore, database queries may be performed during view rendering. Explicitly configure spring.jpa.open-in-view to disable this warning
2019-08-20 10:32:43.585 [restartedMain] INFO  o.a.coyote.http11.Http11NioProtocol - Starting ProtocolHandler ["http-nio-8080"]
2019-08-20 10:32:43.630 [restartedMain] INFO  o.s.b.w.e.tomcat.TomcatWebServer - Tomcat started on port(s): 8080 (http) with context path ''
2019-08-20 10:32:43.634 [restartedMain] INFO  com.javaboja.HogangNonoApplication - Started HogangNonoApplication in 6.544 seconds (JVM running for 8.855)
2019-08-20 10:32:48.699 [http-nio-8080-exec-1] INFO  o.a.c.c.C.[Tomcat].[localhost].[/] - Initializing Spring DispatcherServlet 'dispatcherServlet'
2019-08-20 10:32:48.700 [http-nio-8080-exec-1] INFO  o.s.web.servlet.DispatcherServlet - Initializing Servlet 'dispatcherServlet'
2019-08-20 10:32:48.717 [http-nio-8080-exec-1] INFO  o.s.web.servlet.DispatcherServlet - Completed initialization in 17 ms
2019-08-20 10:32:51.661 [http-nio-8080-exec-2] INFO  c.javaboja.controller.HomeController - carrey
2019-08-20 10:58:34.152 [http-nio-8080-exec-5] INFO  c.javaboja.controller.HomeController - carrey
2019-08-20 10:58:42.283 [http-nio-8080-exec-7] INFO  c.javaboja.controller.HomeController - carrey
2019-08-20 10:58:43.813 [http-nio-8080-exec-9] INFO  c.javaboja.controller.HomeController - carrey
2019-08-20 10:59:02.119 [http-nio-8080-exec-2] INFO  c.javaboja.controller.HomeController - carrey
2019-08-20 11:15:20.764 [http-nio-8080-exec-6] INFO  c.javaboja.controller.HomeController - carrey
2019-08-20 11:15:53.961 [http-nio-8080-exec-9] INFO  c.javaboja.controller.HomeController - carrey
2019-08-20 11:20:59.095 [http-nio-8080-exec-3] INFO  c.javaboja.controller.HomeController - carrey
2019-08-20 11:21:10.566 [http-nio-8080-exec-6] INFO  c.javaboja.controller.HomeController - carrey
2019-08-20 11:22:37.355 [http-nio-8080-exec-10] INFO  c.javaboja.controller.HomeController - carrey
2019-08-20 11:23:44.248 [http-nio-8080-exec-4] INFO  c.javaboja.controller.HomeController - carrey
2019-08-20 11:24:14.027 [http-nio-8080-exec-7] INFO  c.javaboja.controller.HomeController - carrey
2019-08-20 11:24:37.928 [http-nio-8080-exec-10] INFO  c.javaboja.controller.HomeController - carrey
2019-08-20 11:26:03.006 [http-nio-8080-exec-4] INFO  c.javaboja.controller.HomeController - carrey
2019-08-20 11:26:15.799 [http-nio-8080-exec-7] INFO  c.javaboja.controller.HomeController - carrey
2019-08-20 11:26:23.481 [http-nio-8080-exec-9] INFO  c.javaboja.controller.HomeController - carrey
2019-08-20 11:26:34.964 [http-nio-8080-exec-2] INFO  c.javaboja.controller.HomeController - carrey
2019-08-20 11:26:46.592 [http-nio-8080-exec-5] INFO  c.javaboja.controller.HomeController - carrey
2019-08-20 11:26:57.574 [http-nio-8080-exec-8] INFO  c.javaboja.controller.HomeController - carrey
2019-08-20 11:30:38.449 [http-nio-8080-exec-2] INFO  c.javaboja.controller.HomeController - carrey
2019-08-20 11:31:43.185 [http-nio-8080-exec-6] INFO  c.javaboja.controller.HomeController - carrey
2019-08-20 11:31:57.628 [http-nio-8080-exec-10] INFO  c.javaboja.controller.HomeController - carrey
2019-08-20 11:32:48.553 [http-nio-8080-exec-3] INFO  c.javaboja.controller.HomeController - carrey
2019-08-20 11:32:56.492 [http-nio-8080-exec-5] INFO  c.javaboja.controller.HomeController - carrey
2019-08-20 11:33:05.641 [http-nio-8080-exec-9] INFO  c.javaboja.controller.HomeController - carrey
2019-08-20 11:33:12.210 [http-nio-8080-exec-10] INFO  c.javaboja.controller.HomeController - carrey
2019-08-20 11:34:05.472 [http-nio-8080-exec-5] INFO  c.javaboja.controller.HomeController - carrey
2019-08-20 11:34:16.252 [http-nio-8080-exec-8] INFO  c.javaboja.controller.HomeController - carrey
2019-08-20 11:34:31.546 [http-nio-8080-exec-3] INFO  c.javaboja.controller.HomeController - carrey
2019-08-20 11:34:47.061 [http-nio-8080-exec-9] INFO  c.javaboja.controller.HomeController - carrey
2019-08-20 11:34:58.770 [http-nio-8080-exec-1] INFO  c.javaboja.controller.HomeController - carrey
2019-08-20 11:35:09.543 [http-nio-8080-exec-6] INFO  c.javaboja.controller.HomeController - carrey
2019-08-20 11:35:29.347 [http-nio-8080-exec-10] INFO  c.javaboja.controller.HomeController - carrey
2019-08-20 11:35:39.643 [http-nio-8080-exec-3] INFO  c.javaboja.controller.HomeController - carrey
2019-08-20 18:05:53.014 [RMI TCP Connection(2)-127.0.0.1] INFO  o.s.b.a.SpringApplicationAdminMXBeanRegistrar$SpringApplicationAdmin - Application shutdown requested.
2019-08-20 18:05:53.143 [RMI TCP Connection(2)-127.0.0.1] INFO  o.s.s.c.ThreadPoolTaskExecutor - Shutting down ExecutorService 'applicationTaskExecutor'
2019-08-20 18:05:53.156 [RMI TCP Connection(2)-127.0.0.1] INFO  o.s.o.j.LocalContainerEntityManagerFactoryBean - Closing JPA EntityManagerFactory for persistence unit 'default'
2019-08-20 18:05:53.193 [RMI TCP Connection(2)-127.0.0.1] INFO  o.h.t.s.i.SchemaDropperImpl$DelayedDropActionImpl - HHH000477: Starting delayed evictData of schema as part of SessionFactory shut-down'
2019-08-20 18:05:53.295 [RMI TCP Connection(2)-127.0.0.1] WARN  o.s.b.f.s.DisposableBeanAdapter - Invocation of destroy method failed on bean with name 'inMemoryDatabaseShutdownExecutor': org.h2.jdbc.JdbcSQLNonTransientConnectionException: Database is already closed (to disable automatic closing at VM shutdown, add ";DB_CLOSE_ON_EXIT=FALSE" to the db URL) [90121-199]
2019-08-20 18:05:53.296 [RMI TCP Connection(2)-127.0.0.1] INFO  com.zaxxer.hikari.HikariDataSource - HikariPool-1 - Shutdown initiated...
2019-08-20 18:05:53.311 [RMI TCP Connection(2)-127.0.0.1] INFO  com.zaxxer.hikari.HikariDataSource - HikariPool-1 - Shutdown completed.
