2019-08-26 20:09:03.628 [Test worker] WARN  o.s.b.t.j.DuplicateJsonObjectContextCustomizerFactory$DuplicateJsonObjectContextCustomizer - 

Found multiple occurrences of org.json.JSONObject on the class path:

	jar:file:/D:/gradle/caches/modules-2/files-2.1/org.json/json/20180813/8566b2b0391d9d4479ea225645c6ed47ef17fe41/json-20180813.jar!/org/json/JSONObject.class
	jar:file:/D:/gradle/caches/modules-2/files-2.1/com.vaadin.external.google/android-json/0.0.20131108.vaadin1/fa26d351fe62a6a17f5cda1287c1c6110dec413f/android-json-0.0.20131108.vaadin1.jar!/org/json/JSONObject.class

You may wish to exclude one of them to ensure predictable runtime behavior

2019-08-26 20:09:03.708 [Test worker] INFO  c.n.push.JAiRoPushApplicationTests - Starting JAiRoPushApplicationTests on DESKTOP-PFK81CQ with PID 115268 (started by carrey in C:\Users\carrey\git\javaboja\jairo_push\JAiRO-PUSH)
2019-08-26 20:09:03.710 [Test worker] INFO  c.n.push.JAiRoPushApplicationTests - No active profile set, falling back to default profiles: default
2019-08-26 20:09:04.711 [background-preinit] WARN  o.s.h.c.j.Jackson2ObjectMapperBuilder - For Jackson Kotlin classes support please add "com.fasterxml.jackson.module:jackson-module-kotlin" to the classpath
2019-08-26 20:09:06.993 [Test worker] INFO  o.s.c.s.PostProcessorRegistrationDelegate$BeanPostProcessorChecker - Bean 'springAsyncConfig' of type [com.nexus.push.util.SpringAsyncConfig$$EnhancerBySpringCGLIB$$7bf67e0e] is not eligible for getting processed by all BeanPostProcessors (for example: not eligible for auto-proxying)
2019-08-26 20:09:08.695 [Test worker] INFO  o.s.s.c.ThreadPoolTaskExecutor - Initializing ExecutorService
2019-08-26 20:09:08.745 [Test worker] INFO  o.s.s.c.ThreadPoolTaskExecutor - Initializing ExecutorService 'carrey'
2019-08-26 20:09:13.299 [Test worker] INFO  c.n.push.JAiRoPushApplicationTests - Started JAiRoPushApplicationTests in 10.806 seconds (JVM running for 16.065)
2019-08-26 20:09:14.216 [Thread-6] INFO  o.s.s.c.ThreadPoolTaskExecutor - Shutting down ExecutorService 'carrey'
2019-08-26 20:35:00.564 [Test worker] WARN  o.s.b.t.j.DuplicateJsonObjectContextCustomizerFactory$DuplicateJsonObjectContextCustomizer - 

Found multiple occurrences of org.json.JSONObject on the class path:

	jar:file:/D:/gradle/caches/modules-2/files-2.1/org.json/json/20180813/8566b2b0391d9d4479ea225645c6ed47ef17fe41/json-20180813.jar!/org/json/JSONObject.class
	jar:file:/D:/gradle/caches/modules-2/files-2.1/com.vaadin.external.google/android-json/0.0.20131108.vaadin1/fa26d351fe62a6a17f5cda1287c1c6110dec413f/android-json-0.0.20131108.vaadin1.jar!/org/json/JSONObject.class

You may wish to exclude one of them to ensure predictable runtime behavior

2019-08-26 20:35:00.628 [Test worker] INFO  c.n.push.JAiRoPushApplicationTests - Starting JAiRoPushApplicationTests on DESKTOP-PFK81CQ with PID 115176 (started by carrey in C:\Users\carrey\git\javaboja\jairo_push\JAiRO-PUSH)
2019-08-26 20:35:00.630 [Test worker] INFO  c.n.push.JAiRoPushApplicationTests - No active profile set, falling back to default profiles: default
2019-08-26 20:35:01.496 [background-preinit] WARN  o.s.h.c.j.Jackson2ObjectMapperBuilder - For Jackson Kotlin classes support please add "com.fasterxml.jackson.module:jackson-module-kotlin" to the classpath
2019-08-26 20:35:03.927 [Test worker] INFO  o.s.c.s.PostProcessorRegistrationDelegate$BeanPostProcessorChecker - Bean 'springAsyncConfig' of type [com.nexus.push.util.SpringAsyncConfig$$EnhancerBySpringCGLIB$$335c44a9] is not eligible for getting processed by all BeanPostProcessors (for example: not eligible for auto-proxying)
2019-08-26 20:35:05.697 [Test worker] INFO  o.s.s.c.ThreadPoolTaskExecutor - Initializing ExecutorService
2019-08-26 20:35:05.738 [Test worker] INFO  o.s.s.c.ThreadPoolTaskExecutor - Initializing ExecutorService 'carrey'
2019-08-26 20:35:09.740 [Test worker] INFO  c.n.push.JAiRoPushApplicationTests - Started JAiRoPushApplicationTests in 10.543 seconds (JVM running for 16.196)
2019-08-26 20:35:10.613 [Thread-6] INFO  o.s.s.c.ThreadPoolTaskExecutor - Shutting down ExecutorService 'carrey'
