2019-07-23 15:09:36.737 [Test worker] WARN  o.s.b.t.j.DuplicateJsonObjectContextCustomizerFactory$DuplicateJsonObjectContextCustomizer - 

Found multiple occurrences of org.json.JSONObject on the class path:

	jar:file:/D:/gradle/caches/modules-2/files-2.1/org.json/json/20180813/8566b2b0391d9d4479ea225645c6ed47ef17fe41/json-20180813.jar!/org/json/JSONObject.class
	jar:file:/D:/gradle/caches/modules-2/files-2.1/com.vaadin.external.google/android-json/0.0.20131108.vaadin1/fa26d351fe62a6a17f5cda1287c1c6110dec413f/android-json-0.0.20131108.vaadin1.jar!/org/json/JSONObject.class

You may wish to exclude one of them to ensure predictable runtime behavior

2019-07-23 15:09:36.842 [Test worker] INFO  c.n.push.JAiRoPushApplicationTests - Starting JAiRoPushApplicationTests on DESKTOP-PFK81CQ with PID 71924 (started by carrey in C:\Users\carrey\git\javaboja\jairo_push\JAiRO-PUSH)
2019-07-23 15:09:36.845 [Test worker] INFO  c.n.push.JAiRoPushApplicationTests - No active profile set, falling back to default profiles: default
2019-07-23 15:09:37.551 [background-preinit] WARN  o.s.h.c.j.Jackson2ObjectMapperBuilder - For Jackson Kotlin classes support please add "com.fasterxml.jackson.module:jackson-module-kotlin" to the classpath
2019-07-23 15:09:39.175 [Test worker] INFO  o.s.c.s.PostProcessorRegistrationDelegate$BeanPostProcessorChecker - Bean 'springAsyncConfig' of type [com.nexus.push.util.SpringAsyncConfig$$EnhancerBySpringCGLIB$$f3279b9a] is not eligible for getting processed by all BeanPostProcessors (for example: not eligible for auto-proxying)
2019-07-23 15:09:39.413 [Test worker] INFO  o.s.s.c.ThreadPoolTaskExecutor - Initializing ExecutorService
2019-07-23 15:09:39.444 [Test worker] INFO  o.s.s.c.ThreadPoolTaskExecutor - Initializing ExecutorService 'carrey'
2019-07-23 15:09:43.490 [Test worker] INFO  c.n.push.JAiRoPushApplicationTests - Started JAiRoPushApplicationTests in 7.789 seconds (JVM running for 10.938)
2019-07-23 15:09:44.094 [Thread-5] INFO  o.s.s.c.ThreadPoolTaskExecutor - Shutting down ExecutorService 'carrey'
2019-07-23 15:46:14.050 [Test worker] WARN  o.s.b.t.j.DuplicateJsonObjectContextCustomizerFactory$DuplicateJsonObjectContextCustomizer - 

Found multiple occurrences of org.json.JSONObject on the class path:

	jar:file:/D:/gradle/caches/modules-2/files-2.1/org.json/json/20180813/8566b2b0391d9d4479ea225645c6ed47ef17fe41/json-20180813.jar!/org/json/JSONObject.class
	jar:file:/D:/gradle/caches/modules-2/files-2.1/com.vaadin.external.google/android-json/0.0.20131108.vaadin1/fa26d351fe62a6a17f5cda1287c1c6110dec413f/android-json-0.0.20131108.vaadin1.jar!/org/json/JSONObject.class

You may wish to exclude one of them to ensure predictable runtime behavior

2019-07-23 15:46:14.098 [Test worker] INFO  c.n.push.JAiRoPushApplicationTests - Starting JAiRoPushApplicationTests on DESKTOP-PFK81CQ with PID 70036 (started by carrey in C:\Users\carrey\git\javaboja\jairo_push\JAiRO-PUSH)
2019-07-23 15:46:14.100 [Test worker] INFO  c.n.push.JAiRoPushApplicationTests - No active profile set, falling back to default profiles: default
2019-07-23 15:46:14.507 [background-preinit] WARN  o.s.h.c.j.Jackson2ObjectMapperBuilder - For Jackson Kotlin classes support please add "com.fasterxml.jackson.module:jackson-module-kotlin" to the classpath
2019-07-23 15:46:16.225 [Test worker] INFO  o.s.c.s.PostProcessorRegistrationDelegate$BeanPostProcessorChecker - Bean 'springAsyncConfig' of type [com.nexus.push.util.SpringAsyncConfig$$EnhancerBySpringCGLIB$$75f1b000] is not eligible for getting processed by all BeanPostProcessors (for example: not eligible for auto-proxying)
2019-07-23 15:46:16.439 [Test worker] INFO  o.s.s.c.ThreadPoolTaskExecutor - Initializing ExecutorService
2019-07-23 15:46:16.467 [Test worker] INFO  o.s.s.c.ThreadPoolTaskExecutor - Initializing ExecutorService 'carrey'
2019-07-23 15:46:19.218 [Test worker] INFO  c.n.push.JAiRoPushApplicationTests - Started JAiRoPushApplicationTests in 6.942 seconds (JVM running for 10.416)
2019-07-23 15:46:19.825 [Thread-5] INFO  o.s.s.c.ThreadPoolTaskExecutor - Shutting down ExecutorService 'carrey'
2019-07-23 15:48:22.111 [Test worker] WARN  o.s.b.t.j.DuplicateJsonObjectContextCustomizerFactory$DuplicateJsonObjectContextCustomizer - 

Found multiple occurrences of org.json.JSONObject on the class path:

	jar:file:/D:/gradle/caches/modules-2/files-2.1/org.json/json/20180813/8566b2b0391d9d4479ea225645c6ed47ef17fe41/json-20180813.jar!/org/json/JSONObject.class
	jar:file:/D:/gradle/caches/modules-2/files-2.1/com.vaadin.external.google/android-json/0.0.20131108.vaadin1/fa26d351fe62a6a17f5cda1287c1c6110dec413f/android-json-0.0.20131108.vaadin1.jar!/org/json/JSONObject.class

You may wish to exclude one of them to ensure predictable runtime behavior

2019-07-23 15:48:22.141 [Test worker] INFO  c.n.push.JAiRoPushApplicationTests - Starting JAiRoPushApplicationTests on DESKTOP-PFK81CQ with PID 70444 (started by carrey in C:\Users\carrey\git\javaboja\jairo_push\JAiRO-PUSH)
2019-07-23 15:48:22.142 [Test worker] INFO  c.n.push.JAiRoPushApplicationTests - No active profile set, falling back to default profiles: default
2019-07-23 15:48:22.616 [background-preinit] WARN  o.s.h.c.j.Jackson2ObjectMapperBuilder - For Jackson Kotlin classes support please add "com.fasterxml.jackson.module:jackson-module-kotlin" to the classpath
2019-07-23 15:48:23.622 [Test worker] INFO  o.s.c.s.PostProcessorRegistrationDelegate$BeanPostProcessorChecker - Bean 'springAsyncConfig' of type [com.nexus.push.util.SpringAsyncConfig$$EnhancerBySpringCGLIB$$86372083] is not eligible for getting processed by all BeanPostProcessors (for example: not eligible for auto-proxying)
2019-07-23 15:48:23.798 [Test worker] INFO  o.s.s.c.ThreadPoolTaskExecutor - Initializing ExecutorService
2019-07-23 15:48:23.818 [Test worker] INFO  o.s.s.c.ThreadPoolTaskExecutor - Initializing ExecutorService 'carrey'
2019-07-23 15:48:26.040 [Test worker] INFO  c.n.push.JAiRoPushApplicationTests - Started JAiRoPushApplicationTests in 4.533 seconds (JVM running for 7.167)
2019-07-23 15:48:26.588 [Thread-6] INFO  o.s.s.c.ThreadPoolTaskExecutor - Shutting down ExecutorService 'carrey'
2019-07-23 15:51:09.931 [Test worker] WARN  o.s.b.t.j.DuplicateJsonObjectContextCustomizerFactory$DuplicateJsonObjectContextCustomizer - 

Found multiple occurrences of org.json.JSONObject on the class path:

	jar:file:/D:/gradle/caches/modules-2/files-2.1/org.json/json/20180813/8566b2b0391d9d4479ea225645c6ed47ef17fe41/json-20180813.jar!/org/json/JSONObject.class
	jar:file:/D:/gradle/caches/modules-2/files-2.1/com.vaadin.external.google/android-json/0.0.20131108.vaadin1/fa26d351fe62a6a17f5cda1287c1c6110dec413f/android-json-0.0.20131108.vaadin1.jar!/org/json/JSONObject.class

You may wish to exclude one of them to ensure predictable runtime behavior

2019-07-23 15:51:09.957 [Test worker] INFO  c.n.push.JAiRoPushApplicationTests - Starting JAiRoPushApplicationTests on DESKTOP-PFK81CQ with PID 71196 (started by carrey in C:\Users\carrey\git\javaboja\jairo_push\JAiRO-PUSH)
2019-07-23 15:51:09.959 [Test worker] INFO  c.n.push.JAiRoPushApplicationTests - No active profile set, falling back to default profiles: default
2019-07-23 15:51:10.512 [background-preinit] WARN  o.s.h.c.j.Jackson2ObjectMapperBuilder - For Jackson Kotlin classes support please add "com.fasterxml.jackson.module:jackson-module-kotlin" to the classpath
2019-07-23 15:51:11.614 [Test worker] INFO  o.s.c.s.PostProcessorRegistrationDelegate$BeanPostProcessorChecker - Bean 'springAsyncConfig' of type [com.nexus.push.util.SpringAsyncConfig$$EnhancerBySpringCGLIB$$f6579061] is not eligible for getting processed by all BeanPostProcessors (for example: not eligible for auto-proxying)
2019-07-23 15:51:11.815 [Test worker] INFO  o.s.s.c.ThreadPoolTaskExecutor - Initializing ExecutorService
2019-07-23 15:51:11.834 [Test worker] INFO  o.s.s.c.ThreadPoolTaskExecutor - Initializing ExecutorService 'carrey'
2019-07-23 15:51:13.958 [Test worker] INFO  c.n.push.JAiRoPushApplicationTests - Started JAiRoPushApplicationTests in 4.662 seconds (JVM running for 6.709)
2019-07-23 15:51:14.379 [Thread-6] INFO  o.s.s.c.ThreadPoolTaskExecutor - Shutting down ExecutorService 'carrey'
2019-07-23 15:53:00.924 [restartedMain] INFO  com.nexus.push.JAiRoPushApplication - Starting JAiRoPushApplication on DESKTOP-PFK81CQ with PID 69556 (C:\Users\carrey\git\javaboja\jairo_push\JAiRO-PUSH\bin\main started by carrey in C:\Users\carrey\git\javaboja\jairo_push\JAiRO-PUSH)
2019-07-23 15:53:00.926 [restartedMain] INFO  com.nexus.push.JAiRoPushApplication - No active profile set, falling back to default profiles: default
2019-07-23 15:53:01.009 [restartedMain] INFO  o.s.b.d.e.DevToolsPropertyDefaultsPostProcessor - Devtools property defaults active! Set 'spring.devtools.add-properties' to 'false' to disable
2019-07-23 15:53:01.009 [restartedMain] INFO  o.s.b.d.e.DevToolsPropertyDefaultsPostProcessor - For additional web related logging consider setting the 'logging.level.web' property to 'DEBUG'
2019-07-23 15:53:01.086 [background-preinit] WARN  o.s.h.c.j.Jackson2ObjectMapperBuilder - For Jackson Kotlin classes support please add "com.fasterxml.jackson.module:jackson-module-kotlin" to the classpath
2019-07-23 15:53:01.916 [restartedMain] INFO  o.s.c.s.PostProcessorRegistrationDelegate$BeanPostProcessorChecker - Bean 'springAsyncConfig' of type [com.nexus.push.util.SpringAsyncConfig$$EnhancerBySpringCGLIB$$be316ea2] is not eligible for getting processed by all BeanPostProcessors (for example: not eligible for auto-proxying)
2019-07-23 15:53:02.301 [restartedMain] INFO  o.s.b.w.e.tomcat.TomcatWebServer - Tomcat initialized with port(s): 8080 (http)
2019-07-23 15:53:02.318 [restartedMain] INFO  o.a.coyote.http11.Http11NioProtocol - Initializing ProtocolHandler ["http-nio-8080"]
2019-07-23 15:53:02.329 [restartedMain] INFO  o.a.catalina.core.StandardService - Starting service [Tomcat]
2019-07-23 15:53:02.329 [restartedMain] INFO  o.a.catalina.core.StandardEngine - Starting Servlet engine: [Apache Tomcat/9.0.21]
2019-07-23 15:53:02.485 [restartedMain] INFO  o.a.c.c.C.[Tomcat].[localhost].[/] - Initializing Spring embedded WebApplicationContext
2019-07-23 15:53:02.485 [restartedMain] INFO  o.s.web.context.ContextLoader - Root WebApplicationContext: initialization completed in 1475 ms
2019-07-23 15:53:02.594 [restartedMain] INFO  o.s.s.c.ThreadPoolTaskExecutor - Initializing ExecutorService
2019-07-23 15:53:02.598 [restartedMain] INFO  o.s.s.c.ThreadPoolTaskExecutor - Initializing ExecutorService 'carrey'
2019-07-23 15:53:02.999 [restartedMain] INFO  o.s.b.d.a.OptionalLiveReloadServer - LiveReload server is running on port 35729
2019-07-23 15:53:03.089 [restartedMain] INFO  o.a.coyote.http11.Http11NioProtocol - Starting ProtocolHandler ["http-nio-8080"]
2019-07-23 15:53:03.131 [restartedMain] INFO  o.s.b.w.e.tomcat.TomcatWebServer - Tomcat started on port(s): 8080 (http) with context path ''
2019-07-23 15:53:03.135 [restartedMain] INFO  com.nexus.push.JAiRoPushApplication - Started JAiRoPushApplication in 2.661 seconds (JVM running for 3.965)
2019-07-23 15:53:12.719 [http-nio-8080-exec-1] INFO  o.a.c.c.C.[Tomcat].[localhost].[/] - Initializing Spring DispatcherServlet 'dispatcherServlet'
2019-07-23 15:53:12.721 [http-nio-8080-exec-1] INFO  o.s.web.servlet.DispatcherServlet - Initializing Servlet 'dispatcherServlet'
2019-07-23 15:53:12.737 [http-nio-8080-exec-1] INFO  o.s.web.servlet.DispatcherServlet - Completed initialization in 15 ms
2019-07-23 15:54:35.820 [Thread-7] INFO  o.s.s.c.ThreadPoolTaskExecutor - Shutting down ExecutorService 'carrey'
2019-07-23 15:54:36.584 [restartedMain] INFO  com.nexus.push.JAiRoPushApplication - Starting JAiRoPushApplication on DESKTOP-PFK81CQ with PID 68536 (C:\Users\carrey\git\javaboja\jairo_push\JAiRO-PUSH\bin\main started by carrey in C:\Users\carrey\git\javaboja\jairo_push\JAiRO-PUSH)
2019-07-23 15:54:36.587 [restartedMain] INFO  com.nexus.push.JAiRoPushApplication - No active profile set, falling back to default profiles: default
2019-07-23 15:54:36.693 [restartedMain] INFO  o.s.b.d.e.DevToolsPropertyDefaultsPostProcessor - Devtools property defaults active! Set 'spring.devtools.add-properties' to 'false' to disable
2019-07-23 15:54:36.694 [restartedMain] INFO  o.s.b.d.e.DevToolsPropertyDefaultsPostProcessor - For additional web related logging consider setting the 'logging.level.web' property to 'DEBUG'
2019-07-23 15:54:36.704 [restartedMain] INFO  com.nexus.push.JAiRoPushApplication - Starting JAiRoPushApplication on DESKTOP-PFK81CQ with PID 69556 (C:\Users\carrey\git\javaboja\jairo_push\JAiRO-PUSH\bin\main started by carrey in C:\Users\carrey\git\javaboja\jairo_push\JAiRO-PUSH)
2019-07-23 15:54:36.705 [restartedMain] INFO  com.nexus.push.JAiRoPushApplication - No active profile set, falling back to default profiles: default
2019-07-23 15:54:36.743 [background-preinit] WARN  o.s.h.c.j.Jackson2ObjectMapperBuilder - For Jackson Kotlin classes support please add "com.fasterxml.jackson.module:jackson-module-kotlin" to the classpath
2019-07-23 15:54:37.068 [restartedMain] INFO  o.s.c.s.PostProcessorRegistrationDelegate$BeanPostProcessorChecker - Bean 'springAsyncConfig' of type [com.nexus.push.util.SpringAsyncConfig$$EnhancerBySpringCGLIB$$be316ea2] is not eligible for getting processed by all BeanPostProcessors (for example: not eligible for auto-proxying)
2019-07-23 15:54:37.238 [restartedMain] INFO  o.s.b.w.e.tomcat.TomcatWebServer - Tomcat initialized with port(s): 8080 (http)
2019-07-23 15:54:37.239 [restartedMain] INFO  o.a.coyote.http11.Http11NioProtocol - Initializing ProtocolHandler ["http-nio-8080"]
2019-07-23 15:54:37.240 [restartedMain] INFO  o.a.catalina.core.StandardService - Starting service [Tomcat]
2019-07-23 15:54:37.240 [restartedMain] INFO  o.a.catalina.core.StandardEngine - Starting Servlet engine: [Apache Tomcat/9.0.21]
2019-07-23 15:54:37.274 [restartedMain] INFO  o.a.c.c.C.[Tomcat].[localhost].[/] - Initializing Spring embedded WebApplicationContext
2019-07-23 15:54:37.275 [restartedMain] INFO  o.s.web.context.ContextLoader - Root WebApplicationContext: initialization completed in 565 ms
2019-07-23 15:54:37.309 [restartedMain] INFO  o.s.s.c.ThreadPoolTaskExecutor - Initializing ExecutorService
2019-07-23 15:54:37.310 [restartedMain] INFO  o.s.s.c.ThreadPoolTaskExecutor - Initializing ExecutorService 'carrey'
2019-07-23 15:54:37.480 [restartedMain] INFO  o.s.b.d.a.OptionalLiveReloadServer - LiveReload server is running on port 35729
2019-07-23 15:54:37.491 [restartedMain] INFO  o.a.coyote.http11.Http11NioProtocol - Starting ProtocolHandler ["http-nio-8080"]
2019-07-23 15:54:37.505 [restartedMain] INFO  o.s.b.w.e.tomcat.TomcatWebServer - Tomcat started on port(s): 8080 (http) with context path ''
2019-07-23 15:54:37.505 [restartedMain] INFO  com.nexus.push.JAiRoPushApplication - Started JAiRoPushApplication in 0.86 seconds (JVM running for 98.335)
2019-07-23 15:54:37.508 [restartedMain] INFO  o.s.b.d.a.ConditionEvaluationDeltaLoggingListener - Condition evaluation unchanged
2019-07-23 15:54:37.685 [restartedMain] INFO  o.s.c.s.PostProcessorRegistrationDelegate$BeanPostProcessorChecker - Bean 'springAsyncConfig' of type [com.nexus.push.util.SpringAsyncConfig$$EnhancerBySpringCGLIB$$4e24e44e] is not eligible for getting processed by all BeanPostProcessors (for example: not eligible for auto-proxying)
2019-07-23 15:54:38.073 [restartedMain] INFO  o.s.b.w.e.tomcat.TomcatWebServer - Tomcat initialized with port(s): 8080 (http)
2019-07-23 15:54:38.089 [restartedMain] INFO  o.a.coyote.http11.Http11NioProtocol - Initializing ProtocolHandler ["http-nio-8080"]
2019-07-23 15:54:38.100 [restartedMain] INFO  o.a.catalina.core.StandardService - Starting service [Tomcat]
2019-07-23 15:54:38.101 [restartedMain] INFO  o.a.catalina.core.StandardEngine - Starting Servlet engine: [Apache Tomcat/9.0.21]
2019-07-23 15:54:38.239 [restartedMain] INFO  o.a.c.c.C.[Tomcat].[localhost].[/] - Initializing Spring embedded WebApplicationContext
2019-07-23 15:54:38.239 [restartedMain] INFO  o.s.web.context.ContextLoader - Root WebApplicationContext: initialization completed in 1545 ms
2019-07-23 15:54:38.322 [restartedMain] INFO  o.s.s.c.ThreadPoolTaskExecutor - Initializing ExecutorService
2019-07-23 15:54:38.324 [restartedMain] INFO  o.s.s.c.ThreadPoolTaskExecutor - Initializing ExecutorService 'carrey'
2019-07-23 15:54:38.720 [restartedMain] WARN  o.s.b.d.a.OptionalLiveReloadServer - Unable to start LiveReload server
2019-07-23 15:54:38.822 [restartedMain] INFO  o.a.coyote.http11.Http11NioProtocol - Starting ProtocolHandler ["http-nio-8080"]
2019-07-23 15:54:38.836 [restartedMain] ERROR o.apache.catalina.util.LifecycleBase - Failed to start component [Connector[HTTP/1.1-8080]]
org.apache.catalina.LifecycleException: Protocol handler start failed
	at org.apache.catalina.connector.Connector.startInternal(Connector.java:1008)
	at org.apache.catalina.util.LifecycleBase.start(LifecycleBase.java:183)
	at org.apache.catalina.core.StandardService.addConnector(StandardService.java:227)
	at org.springframework.boot.web.embedded.tomcat.TomcatWebServer.addPreviouslyRemovedConnectors(TomcatWebServer.java:263)
	at org.springframework.boot.web.embedded.tomcat.TomcatWebServer.start(TomcatWebServer.java:195)
	at org.springframework.boot.web.servlet.context.ServletWebServerApplicationContext.startWebServer(ServletWebServerApplicationContext.java:296)
	at org.springframework.boot.web.servlet.context.ServletWebServerApplicationContext.finishRefresh(ServletWebServerApplicationContext.java:162)
	at org.springframework.context.support.AbstractApplicationContext.refresh(AbstractApplicationContext.java:552)
	at org.springframework.boot.web.servlet.context.ServletWebServerApplicationContext.refresh(ServletWebServerApplicationContext.java:140)
	at org.springframework.boot.SpringApplication.refresh(SpringApplication.java:742)
	at org.springframework.boot.SpringApplication.refreshContext(SpringApplication.java:389)
	at org.springframework.boot.SpringApplication.run(SpringApplication.java:311)
	at org.springframework.boot.SpringApplication.run(SpringApplication.java:1213)
	at org.springframework.boot.SpringApplication.run(SpringApplication.java:1202)
	at com.nexus.push.JAiRoPushApplication.main(JAiRoPushApplication.java:16)
	at sun.reflect.NativeMethodAccessorImpl.invoke0(Native Method)
	at sun.reflect.NativeMethodAccessorImpl.invoke(NativeMethodAccessorImpl.java:62)
	at sun.reflect.DelegatingMethodAccessorImpl.invoke(DelegatingMethodAccessorImpl.java:43)
	at java.lang.reflect.Method.invoke(Method.java:498)
	at org.springframework.boot.devtools.restart.RestartLauncher.run(RestartLauncher.java:49)
Caused by: java.net.BindException: Address already in use: bind
	at sun.nio.ch.Net.bind0(Native Method)
	at sun.nio.ch.Net.bind(Net.java:433)
	at sun.nio.ch.Net.bind(Net.java:425)
	at sun.nio.ch.ServerSocketChannelImpl.bind(ServerSocketChannelImpl.java:223)
	at sun.nio.ch.ServerSocketAdaptor.bind(ServerSocketAdaptor.java:74)
	at org.apache.tomcat.util.net.NioEndpoint.initServerSocket(NioEndpoint.java:230)
	at org.apache.tomcat.util.net.NioEndpoint.bind(NioEndpoint.java:213)
	at org.apache.tomcat.util.net.AbstractEndpoint.bindWithCleanup(AbstractEndpoint.java:1124)
	at org.apache.tomcat.util.net.AbstractEndpoint.start(AbstractEndpoint.java:1210)
	at org.apache.coyote.AbstractProtocol.start(AbstractProtocol.java:585)
	at org.apache.catalina.connector.Connector.startInternal(Connector.java:1005)
	... 19 common frames omitted
2019-07-23 15:54:38.841 [restartedMain] INFO  o.a.coyote.http11.Http11NioProtocol - Pausing ProtocolHandler ["http-nio-8080"]
2019-07-23 15:54:38.842 [restartedMain] INFO  o.a.catalina.core.StandardService - Stopping service [Tomcat]
2019-07-23 15:54:38.850 [restartedMain] INFO  o.apache.catalina.util.LifecycleBase - The stop() method was called on component [StandardServer[-1]] after stop() had already been called. The second call will be ignored.
2019-07-23 15:54:38.851 [restartedMain] INFO  o.a.coyote.http11.Http11NioProtocol - Stopping ProtocolHandler ["http-nio-8080"]
2019-07-23 15:54:38.851 [restartedMain] INFO  o.a.coyote.http11.Http11NioProtocol - Destroying ProtocolHandler ["http-nio-8080"]
2019-07-23 15:54:38.854 [restartedMain] INFO  o.s.b.a.l.ConditionEvaluationReportLoggingListener - 

Error starting ApplicationContext. To display the conditions report re-run your application with 'debug' enabled.
2019-07-23 15:54:38.859 [restartedMain] ERROR o.s.b.d.LoggingFailureAnalysisReporter - 

***************************
APPLICATION FAILED TO START
***************************

Description:

The Tomcat connector configured to listen on port 8080 failed to start. The port may already be in use or the connector may be misconfigured.

Action:

Verify the connector's configuration, identify and stop any process that's listening on port 8080, or configure this application to listen on another port.

2019-07-23 15:54:38.861 [restartedMain] INFO  o.s.s.c.ThreadPoolTaskExecutor - Shutting down ExecutorService 'carrey'
2019-07-23 15:54:43.598 [RMI TCP Connection(14)-127.0.0.1] INFO  o.s.b.a.SpringApplicationAdminMXBeanRegistrar$SpringApplicationAdmin - Application shutdown requested.
2019-07-23 15:54:43.604 [RMI TCP Connection(14)-127.0.0.1] INFO  o.s.s.c.ThreadPoolTaskExecutor - Shutting down ExecutorService 'carrey'
2019-07-23 15:54:54.992 [restartedMain] INFO  com.nexus.push.JAiRoPushApplication - Starting JAiRoPushApplication on DESKTOP-PFK81CQ with PID 19720 (C:\Users\carrey\git\javaboja\jairo_push\JAiRO-PUSH\bin\main started by carrey in C:\Users\carrey\git\javaboja\jairo_push\JAiRO-PUSH)
2019-07-23 15:54:54.994 [restartedMain] INFO  com.nexus.push.JAiRoPushApplication - No active profile set, falling back to default profiles: default
2019-07-23 15:54:55.077 [restartedMain] INFO  o.s.b.d.e.DevToolsPropertyDefaultsPostProcessor - Devtools property defaults active! Set 'spring.devtools.add-properties' to 'false' to disable
2019-07-23 15:54:55.077 [restartedMain] INFO  o.s.b.d.e.DevToolsPropertyDefaultsPostProcessor - For additional web related logging consider setting the 'logging.level.web' property to 'DEBUG'
2019-07-23 15:54:55.143 [background-preinit] WARN  o.s.h.c.j.Jackson2ObjectMapperBuilder - For Jackson Kotlin classes support please add "com.fasterxml.jackson.module:jackson-module-kotlin" to the classpath
2019-07-23 15:54:55.837 [restartedMain] INFO  o.s.c.s.PostProcessorRegistrationDelegate$BeanPostProcessorChecker - Bean 'springAsyncConfig' of type [com.nexus.push.util.SpringAsyncConfig$$EnhancerBySpringCGLIB$$6b073641] is not eligible for getting processed by all BeanPostProcessors (for example: not eligible for auto-proxying)
2019-07-23 15:54:56.204 [restartedMain] INFO  o.s.b.w.e.tomcat.TomcatWebServer - Tomcat initialized with port(s): 8080 (http)
2019-07-23 15:54:56.222 [restartedMain] INFO  o.a.coyote.http11.Http11NioProtocol - Initializing ProtocolHandler ["http-nio-8080"]
2019-07-23 15:54:56.232 [restartedMain] INFO  o.a.catalina.core.StandardService - Starting service [Tomcat]
2019-07-23 15:54:56.232 [restartedMain] INFO  o.a.catalina.core.StandardEngine - Starting Servlet engine: [Apache Tomcat/9.0.21]
2019-07-23 15:54:56.363 [restartedMain] INFO  o.a.c.c.C.[Tomcat].[localhost].[/] - Initializing Spring embedded WebApplicationContext
2019-07-23 15:54:56.364 [restartedMain] INFO  o.s.web.context.ContextLoader - Root WebApplicationContext: initialization completed in 1287 ms
2019-07-23 15:54:56.447 [restartedMain] INFO  o.s.s.c.ThreadPoolTaskExecutor - Initializing ExecutorService
2019-07-23 15:54:56.448 [restartedMain] INFO  o.s.s.c.ThreadPoolTaskExecutor - Initializing ExecutorService 'carrey'
2019-07-23 15:54:56.953 [restartedMain] INFO  o.s.b.d.a.OptionalLiveReloadServer - LiveReload server is running on port 35729
2019-07-23 15:54:56.976 [restartedMain] INFO  o.a.coyote.http11.Http11NioProtocol - Starting ProtocolHandler ["http-nio-8080"]
2019-07-23 15:54:57.016 [restartedMain] INFO  o.s.b.w.e.tomcat.TomcatWebServer - Tomcat started on port(s): 8080 (http) with context path ''
2019-07-23 15:54:57.022 [restartedMain] INFO  com.nexus.push.JAiRoPushApplication - Started JAiRoPushApplication in 2.471 seconds (JVM running for 3.76)
2019-07-23 15:55:01.019 [http-nio-8080-exec-1] INFO  o.a.c.c.C.[Tomcat].[localhost].[/] - Initializing Spring DispatcherServlet 'dispatcherServlet'
2019-07-23 15:55:01.020 [http-nio-8080-exec-1] INFO  o.s.web.servlet.DispatcherServlet - Initializing Servlet 'dispatcherServlet'
2019-07-23 15:55:01.025 [http-nio-8080-exec-1] INFO  o.s.web.servlet.DispatcherServlet - Completed initialization in 5 ms
2019-07-23 15:55:21.234 [http-nio-8080-exec-5] INFO  c.nexus.push.service.PushServiceImpl - PUSH EXECUTE!!!
2019-07-23 15:55:21.235 [http-nio-8080-exec-5] INFO  c.nexus.push.service.PushServiceImpl - PUSH FAIL 400 error : Device name is android or ios
2019-07-23 15:55:28.992 [http-nio-8080-exec-6] INFO  c.nexus.push.service.PushServiceImpl - PUSH EXECUTE!!!
2019-07-23 15:55:28.992 [http-nio-8080-exec-6] INFO  com.nexus.push.util.JWTHandler - APNS TOKEN MAKE START !!!!!
2019-07-23 15:55:29.067 [http-nio-8080-exec-6] INFO  com.nexus.push.util.JWTHandler - APNS TOKEN : eyJhbGciIDogIkVTMjU2IiAsICJraWQiOiIzSEFUMjczN1RaIn0=.eyJpc3MiIDogIjQzUzM1NlU5NzkiICwgImlhdCI6IjE1NjM4NjQ5MjgifQ==.MEUCIQDwgfdkgs2Y3Aw+fRQr/snZCTQVxTkqOPJVnetRkfxPTAIgechQrTe9NAbms8d7/uUy5heP7pG+gWjRTLqJUdJlcng=
2019-07-23 15:55:29.070 [http-nio-8080-exec-6] INFO  com.nexus.push.util.JWTHandler - APNS TOKEN MAKE END !!!!!
2019-07-23 15:55:29.072 [http-nio-8080-exec-6] INFO  com.nexus.push.httpClient.HttpClient - device_token : f4cc97b370967041752562ec5cb602c0d678c08077d6b0b51d526cdb70788a95
2019-07-23 15:55:29.073 [http-nio-8080-exec-6] INFO  com.nexus.push.httpClient.HttpClient - request url : https://api.push.apple.com/3/device/
2019-07-23 15:55:29.073 [http-nio-8080-exec-6] INFO  com.nexus.push.httpClient.HttpClient - device_type : ios
2019-07-23 15:55:30.581 [http-nio-8080-exec-6] INFO  c.nexus.push.service.PushServiceImpl - PUSH SUCCESS
2019-07-23 15:56:56.312 [RMI TCP Connection(10)-127.0.0.1] INFO  o.s.b.a.SpringApplicationAdminMXBeanRegistrar$SpringApplicationAdmin - Application shutdown requested.
2019-07-23 15:56:56.316 [RMI TCP Connection(10)-127.0.0.1] INFO  o.s.s.c.ThreadPoolTaskExecutor - Shutting down ExecutorService 'carrey'
2019-07-23 15:57:08.930 [restartedMain] INFO  com.nexus.push.JAiRoPushApplication - Starting JAiRoPushApplication on DESKTOP-PFK81CQ with PID 72376 (C:\Users\carrey\git\javaboja\jairo_push\JAiRO-PUSH\bin\main started by carrey in C:\Users\carrey\git\javaboja\jairo_push\JAiRO-PUSH)
2019-07-23 15:57:08.933 [restartedMain] INFO  com.nexus.push.JAiRoPushApplication - No active profile set, falling back to default profiles: default
2019-07-23 15:57:09.027 [restartedMain] INFO  o.s.b.d.e.DevToolsPropertyDefaultsPostProcessor - Devtools property defaults active! Set 'spring.devtools.add-properties' to 'false' to disable
2019-07-23 15:57:09.027 [restartedMain] INFO  o.s.b.d.e.DevToolsPropertyDefaultsPostProcessor - For additional web related logging consider setting the 'logging.level.web' property to 'DEBUG'
2019-07-23 15:57:09.094 [background-preinit] WARN  o.s.h.c.j.Jackson2ObjectMapperBuilder - For Jackson Kotlin classes support please add "com.fasterxml.jackson.module:jackson-module-kotlin" to the classpath
2019-07-23 15:57:09.778 [restartedMain] INFO  o.s.c.s.PostProcessorRegistrationDelegate$BeanPostProcessorChecker - Bean 'springAsyncConfig' of type [com.nexus.push.util.SpringAsyncConfig$$EnhancerBySpringCGLIB$$c1edfbf] is not eligible for getting processed by all BeanPostProcessors (for example: not eligible for auto-proxying)
2019-07-23 15:57:10.148 [restartedMain] INFO  o.s.b.w.e.tomcat.TomcatWebServer - Tomcat initialized with port(s): 8080 (http)
2019-07-23 15:57:10.167 [restartedMain] INFO  o.a.coyote.http11.Http11NioProtocol - Initializing ProtocolHandler ["http-nio-8080"]
2019-07-23 15:57:10.179 [restartedMain] INFO  o.a.catalina.core.StandardService - Starting service [Tomcat]
2019-07-23 15:57:10.180 [restartedMain] INFO  o.a.catalina.core.StandardEngine - Starting Servlet engine: [Apache Tomcat/9.0.21]
2019-07-23 15:57:10.313 [restartedMain] INFO  o.a.c.c.C.[Tomcat].[localhost].[/] - Initializing Spring embedded WebApplicationContext
2019-07-23 15:57:10.313 [restartedMain] INFO  o.s.web.context.ContextLoader - Root WebApplicationContext: initialization completed in 1286 ms
2019-07-23 15:57:10.396 [restartedMain] INFO  o.s.s.c.ThreadPoolTaskExecutor - Initializing ExecutorService
2019-07-23 15:57:10.398 [restartedMain] INFO  o.s.s.c.ThreadPoolTaskExecutor - Initializing ExecutorService 'carrey'
2019-07-23 15:57:10.769 [restartedMain] INFO  o.s.b.d.a.OptionalLiveReloadServer - LiveReload server is running on port 35729
2019-07-23 15:57:10.867 [restartedMain] INFO  o.a.coyote.http11.Http11NioProtocol - Starting ProtocolHandler ["http-nio-8080"]
2019-07-23 15:57:10.912 [restartedMain] INFO  o.s.b.w.e.tomcat.TomcatWebServer - Tomcat started on port(s): 8080 (http) with context path ''
2019-07-23 15:57:10.916 [restartedMain] INFO  com.nexus.push.JAiRoPushApplication - Started JAiRoPushApplication in 2.447 seconds (JVM running for 3.789)
2019-07-23 15:57:13.533 [http-nio-8080-exec-1] INFO  o.a.c.c.C.[Tomcat].[localhost].[/] - Initializing Spring DispatcherServlet 'dispatcherServlet'
2019-07-23 15:57:13.534 [http-nio-8080-exec-1] INFO  o.s.web.servlet.DispatcherServlet - Initializing Servlet 'dispatcherServlet'
2019-07-23 15:57:13.542 [http-nio-8080-exec-1] INFO  o.s.web.servlet.DispatcherServlet - Completed initialization in 8 ms
2019-07-23 15:57:15.305 [http-nio-8080-exec-3] INFO  c.n.push.controller.HomeController - carrey
2019-07-23 15:57:28.014 [http-nio-8080-exec-5] INFO  c.n.push.controller.HomeController - carrey
2019-07-23 16:01:13.793 [RMI TCP Connection(15)-127.0.0.1] INFO  o.s.b.a.SpringApplicationAdminMXBeanRegistrar$SpringApplicationAdmin - Application shutdown requested.
2019-07-23 16:01:13.808 [RMI TCP Connection(15)-127.0.0.1] INFO  o.s.s.c.ThreadPoolTaskExecutor - Shutting down ExecutorService 'carrey'
2019-07-23 16:02:20.527 [Test worker] WARN  o.s.b.t.j.DuplicateJsonObjectContextCustomizerFactory$DuplicateJsonObjectContextCustomizer - 

Found multiple occurrences of org.json.JSONObject on the class path:

	jar:file:/D:/gradle/caches/modules-2/files-2.1/org.json/json/20180813/8566b2b0391d9d4479ea225645c6ed47ef17fe41/json-20180813.jar!/org/json/JSONObject.class
	jar:file:/D:/gradle/caches/modules-2/files-2.1/com.vaadin.external.google/android-json/0.0.20131108.vaadin1/fa26d351fe62a6a17f5cda1287c1c6110dec413f/android-json-0.0.20131108.vaadin1.jar!/org/json/JSONObject.class

You may wish to exclude one of them to ensure predictable runtime behavior

2019-07-23 16:02:20.554 [Test worker] INFO  c.n.push.JAiRoPushApplicationTests - Starting JAiRoPushApplicationTests on DESKTOP-PFK81CQ with PID 50376 (started by carrey in C:\Users\carrey\git\javaboja\jairo_push\JAiRO-PUSH)
2019-07-23 16:02:20.555 [Test worker] INFO  c.n.push.JAiRoPushApplicationTests - No active profile set, falling back to default profiles: default
2019-07-23 16:02:21.176 [background-preinit] WARN  o.s.h.c.j.Jackson2ObjectMapperBuilder - For Jackson Kotlin classes support please add "com.fasterxml.jackson.module:jackson-module-kotlin" to the classpath
2019-07-23 16:02:22.453 [Test worker] INFO  o.s.c.s.PostProcessorRegistrationDelegate$BeanPostProcessorChecker - Bean 'springAsyncConfig' of type [com.nexus.push.util.SpringAsyncConfig$$EnhancerBySpringCGLIB$$8a5787b6] is not eligible for getting processed by all BeanPostProcessors (for example: not eligible for auto-proxying)
2019-07-23 16:02:22.627 [Test worker] INFO  o.s.s.c.ThreadPoolTaskExecutor - Initializing ExecutorService
2019-07-23 16:02:22.649 [Test worker] INFO  o.s.s.c.ThreadPoolTaskExecutor - Initializing ExecutorService 'carrey'
2019-07-23 16:02:24.875 [Test worker] INFO  c.n.push.JAiRoPushApplicationTests - Started JAiRoPushApplicationTests in 5.021 seconds (JVM running for 7.901)
2019-07-23 16:02:25.491 [Thread-6] INFO  o.s.s.c.ThreadPoolTaskExecutor - Shutting down ExecutorService 'carrey'
